Arguments: 
  /usr/local/bin/node /usr/local/Cellar/yarn/1.17.3/libexec/bin/yarn.js add react-navigation

PATH: 
  /usr/local/sbin:/usr/local/bin:/usr/bin:/bin:/usr/sbin:/sbin:/Users/psethi/Library/Android/sdk/platform-tools:/Users/psethi/Library/Android/sdk/tools/bin:/Users/psethi/Library/Android/sdk/build-tools/28.0.3

Yarn version: 
  1.17.3

Node version: 
  10.16.3

Platform: 
  darwin x64

Trace: 
  Error: EACCES: permission denied, scandir '/Users/psethi/.config/yarn/link'

npm manifest: 
  {
    "main": "node_modules/expo/AppEntry.js",
    "scripts": {
      "start": "expo start",
      "android": "expo start --android",
      "ios": "expo start --ios",
      "web": "expo start --web",
      "eject": "expo eject"
    },
    "dependencies": {
      "expo": "^34.0.1",
      "react": "16.8.3",
      "react-dom": "^16.8.6",
      "react-native": "https://github.com/expo/react-native/archive/sdk-34.0.0.tar.gz",
      "react-native-gesture-handler": "^1.3.0",
      "react-native-router-flux": "^4.0.6",
      "react-native-web": "^0.11.4",
      "react-navigation": "^1.6.1",
      "react-navigation-drawer": "^2.2.1",
      "react-timer-mixin": "^0.13.4"
    },
    "devDependencies": {
      "babel-preset-expo": "^6.0.0"
    },
    "private": true
  }

yarn manifest: 
  No manifest

Lockfile: 
  No lockfile
